#
# A fatal error has been detected by the Java Runtime Environment:
#
#  Internal Error (javaClasses.cpp:139), pid=4218, tid=140306274252544
#  fatal error: Invalid layout of preloaded class
#
# JRE version:  (7.0_79-b14) (build )
# Java VM: OpenJDK 64-Bit Server VM (24.79-b02 mixed mode linux-amd64 compressed oops)
# Derivative: IcedTea 2.5.6
# Distribution: Ubuntu 14.04 LTS, package 7u79-2.5.6-0ubuntu1.14.04.1
# Failed to write core dump. Core dumps have been disabled. To enable core dumping, try "ulimit -c unlimited" before starting Java again
#
# If you would like to submit a bug report, please include
# instructions on how to reproduce the bug and visit:
#   http://icedtea.classpath.org/bugzilla
#

---------------  T H R E A D  ---------------

Current thread (0x00007f9b9000a000):  JavaThread "Unknown thread" [_thread_in_vm, id=4225, stack(0x00007f9b9992f000,0x00007f9b99a30000)]

Stack: [0x00007f9b9992f000,0x00007f9b99a30000],  sp=0x00007f9b99a2e900,  free space=1022k
Native frames: (J=compiled Java code, j=interpreted, Vv=VM code, C=native code)
V  [libjvm.so+0x94afd5]  VMError::report_and_die()+0x175
V  [libjvm.so+0x48b964]  report_fatal(char const*, int, char const*)+0x54
V  [libjvm.so+0x5e8d60]  compute_offset(int&, klassOopDesc*, Symbol*, Symbol*, bool) [clone .constprop.120]+0xc0
V  [libjvm.so+0x5e8e36]  java_lang_String::compute_offsets()+0x36
V  [libjvm.so+0x8cfa7c]  SystemDictionary::initialize_preloaded_classes(Thread*)+0xcc
V  [libjvm.so+0x91b328]  Universe::genesis(Thread*)+0x468
V  [libjvm.so+0x91b934]  universe2_init()+0x24
V  [libjvm.so+0x59d31a]  init_globals()+0x9a
V  [libjvm.so+0x8fe75f]  Threads::create_vm(JavaVMInitArgs*, bool*)+0x35f
V  [libjvm.so+0x608654]  JNI_CreateJavaVM+0x54
C  [libjli.so+0x2b48]


---------------  P R O C E S S  ---------------

Java Threads: ( => current thread )

Other Threads:

=>0x00007f9b9000a000 (exited) JavaThread "Unknown thread" [_thread_in_vm, id=4225, stack(0x00007f9b9992f000,0x00007f9b99a30000)]

VM state:not at safepoint (not fully initialized)

VM Mutex/Monitor currently owned by a thread: None

GC Heap History (0 events):
No events

Deoptimization events (0 events):
No events

Internal exceptions (0 events):
No events

Events (10 events):
Event: 2.692 loading class 0x00007f9b94477710 done
Event: 2.692 loading class 0x00007f9b94477110 done
Event: 2.692 loading class 0x00007f9b944770f0
Event: 2.692 loading class 0x00007f9b9447f1e0
Event: 2.692 loading class 0x00007f9b9447f1e0 done
Event: 2.692 loading class 0x00007f9b9447f210
Event: 2.692 loading class 0x00007f9b9447f210 done
Event: 2.692 loading class 0x00007f9b9447f240
Event: 2.693 loading class 0x00007f9b9447f240 done
Event: 2.693 loading class 0x00007f9b944770f0 done


Dynamic libraries:
00400000-00401000 r-xp 00000000 07:00 547721                             /usr/lib/jvm/java-7-openjdk-amd64/jre/bin/java
00600000-00601000 r--p 00000000 07:00 547721                             /usr/lib/jvm/java-7-openjdk-amd64/jre/bin/java
00601000-00602000 rw-p 00001000 07:00 547721                             /usr/lib/jvm/java-7-openjdk-amd64/jre/bin/java
023d9000-023fa000 rw-p 00000000 00:00 0                                  [heap]
cc000000-cd500000 rw-p 00000000 00:00 0 
cd500000-d6600000 rw-p 00000000 00:00 0 
d6600000-d7a00000 rw-p 00000000 00:00 0 
d7a00000-f2200000 rw-p 00000000 00:00 0 
f2200000-f2c80000 rw-p 00000000 00:00 0 
f2c80000-100000000 rw-p 00000000 00:00 0 
7f9b80000000-7f9b80021000 rw-p 00000000 00:00 0 
7f9b80021000-7f9b84000000 ---p 00000000 00:00 0 
7f9b88000000-7f9b88021000 rw-p 00000000 00:00 0 
7f9b88021000-7f9b8c000000 ---p 00000000 00:00 0 
7f9b8d000000-7f9b8d270000 rwxp 00000000 00:00 0 
7f9b8d270000-7f9b90053000 rw-p 00000000 00:00 0 
7f9b90053000-7f9b94000000 ---p 00000000 00:00 0 
7f9b940a7000-7f9b9430c000 rw-p 00000000 00:00 0 
7f9b9430c000-7f9b94401000 r--s 017dd000 07:01 1597786                    /home/lutfiyya/Documents/Main_project/android-sdk-linux/platforms/android-22/android.jar
7f9b94401000-7f9b9609a000 rw-p 00000000 00:00 0 
7f9b9609a000-7f9b9609b000 ---p 00000000 00:00 0 
7f9b9609b000-7f9b9619b000 rw-p 00000000 00:00 0                          [stack:4227]
7f9b9619b000-7f9b9619c000 ---p 00000000 00:00 0 
7f9b9619c000-7f9b962a7000 rw-p 00000000 00:00 0                          [stack:4226]
7f9b962a7000-7f9b962ef000 rw-p 00000000 00:00 0 
7f9b962ef000-7f9b962f9000 rw-p 00000000 00:00 0 
7f9b962f9000-7f9b963cd000 rw-p 00000000 00:00 0 
7f9b963cd000-7f9b963d8000 rw-p 00000000 00:00 0 
7f9b963d8000-7f9b96420000 rw-p 00000000 00:00 0 
7f9b96420000-7f9b9642a000 rw-p 00000000 00:00 0 
7f9b9642a000-7f9b964fe000 rw-p 00000000 00:00 0 
7f9b964fe000-7f9b96504000 rw-p 00000000 00:00 0 
7f9b96504000-7f9b9656d000 rw-p 00000000 00:00 0 
7f9b9656d000-7f9b9656e000 rw-p 00000000 00:00 0 
7f9b9656e000-7f9b96576000 r-xp 00000000 07:00 541611                     /usr/lib/jvm/java-7-openjdk-amd64/jre/lib/amd64/libzip.so
7f9b96576000-7f9b96775000 ---p 00008000 07:00 541611                     /usr/lib/jvm/java-7-openjdk-amd64/jre/lib/amd64/libzip.so
7f9b96775000-7f9b96776000 r--p 00007000 07:00 541611                     /usr/lib/jvm/java-7-openjdk-amd64/jre/lib/amd64/libzip.so
7f9b96776000-7f9b96777000 rw-p 00008000 07:00 541611                     /usr/lib/jvm/java-7-openjdk-amd64/jre/lib/amd64/libzip.so
7f9b96777000-7f9b96782000 r-xp 00000000 07:00 130843                     /lib/x86_64-linux-gnu/libnss_files-2.19.so
7f9b96782000-7f9b96981000 ---p 0000b000 07:00 130843                     /lib/x86_64-linux-gnu/libnss_files-2.19.so
7f9b96981000-7f9b96982000 r--p 0000a000 07:00 130843                     /lib/x86_64-linux-gnu/libnss_files-2.19.so
7f9b96982000-7f9b96983000 rw-p 0000b000 07:00 130843                     /lib/x86_64-linux-gnu/libnss_files-2.19.so
7f9b96983000-7f9b9698e000 r-xp 00000000 07:00 135149                     /lib/x86_64-linux-gnu/libnss_nis-2.19.so
7f9b9698e000-7f9b96b8d000 ---p 0000b000 07:00 135149                     /lib/x86_64-linux-gnu/libnss_nis-2.19.so
7f9b96b8d000-7f9b96b8e000 r--p 0000a000 07:00 135149                     /lib/x86_64-linux-gnu/libnss_nis-2.19.so
7f9b96b8e000-7f9b96b8f000 rw-p 0000b000 07:00 135149                     /lib/x86_64-linux-gnu/libnss_nis-2.19.so
7f9b96b8f000-7f9b96ba6000 r-xp 00000000 07:00 130911                     /lib/x86_64-linux-gnu/libnsl-2.19.so
7f9b96ba6000-7f9b96da5000 ---p 00017000 07:00 130911                     /lib/x86_64-linux-gnu/libnsl-2.19.so
7f9b96da5000-7f9b96da6000 r--p 00016000 07:00 130911                     /lib/x86_64-linux-gnu/libnsl-2.19.so
7f9b96da6000-7f9b96da7000 rw-p 00017000 07:00 130911                     /lib/x86_64-linux-gnu/libnsl-2.19.so
7f9b96da7000-7f9b96da9000 rw-p 00000000 00:00 0 
7f9b96da9000-7f9b96db2000 r-xp 00000000 07:00 130910                     /lib/x86_64-linux-gnu/libnss_compat-2.19.so
7f9b96db2000-7f9b96fb1000 ---p 00009000 07:00 130910                     /lib/x86_64-linux-gnu/libnss_compat-2.19.so
7f9b96fb1000-7f9b96fb2000 r--p 00008000 07:00 130910                     /lib/x86_64-linux-gnu/libnss_compat-2.19.so
7f9b96fb2000-7f9b96fb3000 rw-p 00009000 07:00 130910                     /lib/x86_64-linux-gnu/libnss_compat-2.19.so
7f9b96fb3000-7f9b96fde000 r-xp 00000000 07:00 541645                     /usr/lib/jvm/java-7-openjdk-amd64/jre/lib/amd64/libjava.so
7f9b96fde000-7f9b971dd000 ---p 0002b000 07:00 541645                     /usr/lib/jvm/java-7-openjdk-amd64/jre/lib/amd64/libjava.so
7f9b971dd000-7f9b971de000 r--p 0002a000 07:00 541645                     /usr/lib/jvm/java-7-openjdk-amd64/jre/lib/amd64/libjava.so
7f9b971de000-7f9b971e0000 rw-p 0002b000 07:00 541645                     /usr/lib/jvm/java-7-openjdk-amd64/jre/lib/amd64/libjava.so
7f9b971e0000-7f9b971f0000 r-xp 00000000 07:00 541627                     /usr/lib/jvm/java-7-openjdk-amd64/jre/lib/amd64/libverify.so
7f9b971f0000-7f9b973ef000 ---p 00010000 07:00 541627                     /usr/lib/jvm/java-7-openjdk-amd64/jre/lib/amd64/libverify.so
7f9b973ef000-7f9b973f1000 r--p 0000f000 07:00 541627                     /usr/lib/jvm/java-7-openjdk-amd64/jre/lib/amd64/libverify.so
7f9b973f1000-7f9b973f2000 rw-p 00011000 07:00 541627                     /usr/lib/jvm/java-7-openjdk-amd64/jre/lib/amd64/libverify.so
7f9b973f2000-7f9b973f9000 r-xp 00000000 07:00 130919                     /lib/x86_64-linux-gnu/librt-2.19.so
7f9b973f9000-7f9b975f8000 ---p 00007000 07:00 130919                     /lib/x86_64-linux-gnu/librt-2.19.so
7f9b975f8000-7f9b975f9000 r--p 00006000 07:00 130919                     /lib/x86_64-linux-gnu/librt-2.19.so
7f9b975f9000-7f9b975fa000 rw-p 00007000 07:00 130919                     /lib/x86_64-linux-gnu/librt-2.19.so
7f9b975fa000-7f9b97610000 r-xp 00000000 07:00 135374                     /lib/x86_64-linux-gnu/libgcc_s.so.1
7f9b97610000-7f9b9780f000 ---p 00016000 07:00 135374                     /lib/x86_64-linux-gnu/libgcc_s.so.1
7f9b9780f000-7f9b97810000 rw-p 00015000 07:00 135374                     /lib/x86_64-linux-gnu/libgcc_s.so.1
7f9b97810000-7f9b97915000 r-xp 00000000 07:00 130836                     /lib/x86_64-linux-gnu/libm-2.19.so
7f9b97915000-7f9b97b14000 ---p 00105000 07:00 130836                     /lib/x86_64-linux-gnu/libm-2.19.so
7f9b97b14000-7f9b97b15000 r--p 00104000 07:00 130836                     /lib/x86_64-linux-gnu/libm-2.19.so
7f9b97b15000-7f9b97b16000 rw-p 00105000 07:00 130836                     /lib/x86_64-linux-gnu/libm-2.19.so
7f9b97b16000-7f9b97bfc000 r-xp 00000000 07:00 523387                     /usr/lib/x86_64-linux-gnu/libstdc++.so.6.0.19
7f9b97bfc000-7f9b97dfb000 ---p 000e6000 07:00 523387                     /usr/lib/x86_64-linux-gnu/libstdc++.so.6.0.19
7f9b97dfb000-7f9b97e03000 r--p 000e5000 07:00 523387                     /usr/lib/x86_64-linux-gnu/libstdc++.so.6.0.19
7f9b97e03000-7f9b97e05000 rw-p 000ed000 07:00 523387                     /usr/lib/x86_64-linux-gnu/libstdc++.so.6.0.19
7f9b97e05000-7f9b97e1a000 rw-p 00000000 00:00 0 
7f9b97e1a000-7f9b98933000 r-xp 00000000 07:00 541615                     /usr/lib/jvm/java-7-openjdk-amd64/jre/lib/amd64/server/libjvm.so
7f9b98933000-7f9b98b33000 ---p 00b19000 07:00 541615                     /usr/lib/jvm/java-7-openjdk-amd64/jre/lib/amd64/server/libjvm.so
7f9b98b33000-7f9b98bcd000 r--p 00b19000 07:00 541615                     /usr/lib/jvm/java-7-openjdk-amd64/jre/lib/amd64/server/libjvm.so
7f9b98bcd000-7f9b98bf0000 rw-p 00bb3000 07:00 541615                     /usr/lib/jvm/java-7-openjdk-amd64/jre/lib/amd64/server/libjvm.so
7f9b98bf0000-7f9b98c1e000 rw-p 00000000 00:00 0 
7f9b98c1e000-7f9b98c36000 r-xp 00000000 07:00 135510                     /lib/x86_64-linux-gnu/libz.so.1.2.8
7f9b98c36000-7f9b98e35000 ---p 00018000 07:00 135510                     /lib/x86_64-linux-gnu/libz.so.1.2.8
7f9b98e35000-7f9b98e36000 r--p 00017000 07:00 135510                     /lib/x86_64-linux-gnu/libz.so.1.2.8
7f9b98e36000-7f9b98e37000 rw-p 00018000 07:00 135510                     /lib/x86_64-linux-gnu/libz.so.1.2.8
7f9b98e37000-7f9b98e50000 r-xp 00000000 07:00 130917                     /lib/x86_64-linux-gnu/libpthread-2.19.so
7f9b98e50000-7f9b9904f000 ---p 00019000 07:00 130917                     /lib/x86_64-linux-gnu/libpthread-2.19.so
7f9b9904f000-7f9b99050000 r--p 00018000 07:00 130917                     /lib/x86_64-linux-gnu/libpthread-2.19.so
7f9b99050000-7f9b99051000 rw-p 00019000 07:00 130917                     /lib/x86_64-linux-gnu/libpthread-2.19.so
7f9b99051000-7f9b99055000 rw-p 00000000 00:00 0 
7f9b99055000-7f9b99058000 r-xp 00000000 07:00 130847                     /lib/x86_64-linux-gnu/libdl-2.19.so
7f9b99058000-7f9b99257000 ---p 00003000 07:00 130847                     /lib/x86_64-linux-gnu/libdl-2.19.so
7f9b99257000-7f9b99258000 r--p 00002000 07:00 130847                     /lib/x86_64-linux-gnu/libdl-2.19.so
7f9b99258000-7f9b99259000 rw-p 00003000 07:00 130847                     /lib/x86_64-linux-gnu/libdl-2.19.so
7f9b99259000-7f9b99414000 r-xp 00000000 07:00 130916                     /lib/x86_64-linux-gnu/libc-2.19.so
7f9b99414000-7f9b99613000 ---p 001bb000 07:00 130916                     /lib/x86_64-linux-gnu/libc-2.19.so
7f9b99613000-7f9b99617000 r--p 001ba000 07:00 130916                     /lib/x86_64-linux-gnu/libc-2.19.so
7f9b99617000-7f9b99619000 rw-p 001be000 07:00 130916                     /lib/x86_64-linux-gnu/libc-2.19.so
7f9b99619000-7f9b9961e000 rw-p 00000000 00:00 0 
7f9b9961e000-7f9b9962b000 r-xp 00000000 07:00 541613                     /usr/lib/jvm/java-7-openjdk-amd64/jre/lib/amd64/jli/libjli.so
7f9b9962b000-7f9b9982a000 ---p 0000d000 07:00 541613                     /usr/lib/jvm/java-7-openjdk-amd64/jre/lib/amd64/jli/libjli.so
7f9b9982a000-7f9b9982b000 r--p 0000c000 07:00 541613                     /usr/lib/jvm/java-7-openjdk-amd64/jre/lib/amd64/jli/libjli.so
7f9b9982b000-7f9b9982c000 rw-p 0000d000 07:00 541613                     /usr/lib/jvm/java-7-openjdk-amd64/jre/lib/amd64/jli/libjli.so
7f9b9982c000-7f9b9984f000 r-xp 00000000 07:00 130913                     /lib/x86_64-linux-gnu/ld-2.19.so
7f9b9985e000-7f9b99879000 rw-p 00000000 00:00 0 
7f9b99879000-7f9b9992f000 rw-p 00000000 00:00 0 
7f9b9992f000-7f9b99932000 ---p 00000000 00:00 0 
7f9b99932000-7f9b99a35000 rw-p 00000000 00:00 0                          [stack:4225]
7f9b99a40000-7f9b99a42000 rw-p 00000000 00:00 0 
7f9b99a42000-7f9b99a4a000 rw-s 00000000 07:00 1177987                    /tmp/hsperfdata_lutfiyya/4218
7f9b99a4a000-7f9b99a4b000 rw-p 00000000 00:00 0 
7f9b99a4b000-7f9b99a4c000 r--p 00000000 00:00 0 
7f9b99a4c000-7f9b99a4e000 rw-p 00000000 00:00 0 
7f9b99a4e000-7f9b99a4f000 r--p 00022000 07:00 130913                     /lib/x86_64-linux-gnu/ld-2.19.so
7f9b99a4f000-7f9b99a50000 rw-p 00023000 07:00 130913                     /lib/x86_64-linux-gnu/ld-2.19.so
7f9b99a50000-7f9b99a51000 rw-p 00000000 00:00 0 
7ffc61292000-7ffc612b3000 rw-p 00000000 00:00 0                          [stack]
7ffc6137d000-7ffc6137f000 r-xp 00000000 00:00 0                          [vdso]
7ffc6137f000-7ffc61381000 r--p 00000000 00:00 0                          [vvar]
ffffffffff600000-ffffffffff601000 r-xp 00000000 00:00 0                  [vsyscall]

VM Arguments:
jvm_args: -Dfile.encoding=UTF-8 -Xbootclasspath:/home/lutfiyya/Documents/Main_project/android-sdk-linux/platforms/android-22/android.jar 
java_command: org.eclipse.jdt.internal.junit.runner.RemoteTestRunner -version 3 -port 60169 -testLoaderClass org.eclipse.jdt.internal.junit.runner.junit3.JUnit3TestLoader -loaderpluginname org.eclipse.jdt.junit.runtime -classNames org.linphone.groupchat.tests.NewGroupTest
Launcher Type: SUN_STANDARD

Environment Variables:
PATH=/usr/local/sbin:/usr/local/bin:/usr/sbin:/usr/bin:/sbin:/bin:/usr/games:/usr/local/games:/home/lutfiyya/Documents/Main_project/android-sdk-linux/tools:/home/lutfiyya/Documents/Main_project/android-sdk-linux/platform-tools:/home/lutfiyya/Documents/Main_project/android-ndk-r10e
SHELL=/bin/bash
DISPLAY=:0

Signal Handlers:
SIGSEGV: [libjvm.so+0x94bab0], sa_mask[0]=0x7ffbfeff, sa_flags=0x10000004
SIGBUS: [libjvm.so+0x94bab0], sa_mask[0]=0x7ffbfeff, sa_flags=0x10000004
SIGFPE: [libjvm.so+0x7c38b0], sa_mask[0]=0x7ffbfeff, sa_flags=0x10000004
SIGPIPE: [libjvm.so+0x7c38b0], sa_mask[0]=0x7ffbfeff, sa_flags=0x10000004
SIGXFSZ: [libjvm.so+0x7c38b0], sa_mask[0]=0x7ffbfeff, sa_flags=0x10000004
SIGILL: [libjvm.so+0x7c38b0], sa_mask[0]=0x7ffbfeff, sa_flags=0x10000004
SIGUSR1: SIG_DFL, sa_mask[0]=0x00000000, sa_flags=0x00000000
SIGUSR2: [libjvm.so+0x7c3750], sa_mask[0]=0x00000004, sa_flags=0x10000004
SIGHUP: SIG_DFL, sa_mask[0]=0x00000000, sa_flags=0x00000000
SIGINT: SIG_DFL, sa_mask[0]=0x00000000, sa_flags=0x00000000
SIGTERM: SIG_DFL, sa_mask[0]=0x00000000, sa_flags=0x00000000
SIGQUIT: SIG_DFL, sa_mask[0]=0x00000000, sa_flags=0x00000000
SIGTRAP: SIG_DFL, sa_mask[0]=0x00000000, sa_flags=0x00000000


---------------  S Y S T E M  ---------------

OS:Ubuntu 14.04 (trusty)
uname:Linux 3.16.0-45-generic #60~14.04.1-Ubuntu SMP Fri Jul 24 21:16:23 UTC 2015 x86_64
libc:glibc 2.19 NPTL 2.19 
rlimit: STACK 8192k, CORE 0k, NPROC 7643, NOFILE 4096, AS infinity
load average:1.61 1.20 1.54

/proc/meminfo:
MemTotal:        1978080 kB
MemFree:           77840 kB
MemAvailable:     572864 kB
Buffers:          239072 kB
Cached:           463660 kB
SwapCached:         7332 kB
Active:          1145964 kB
Inactive:         586268 kB
Active(anon):     864492 kB
Inactive(anon):   295560 kB
Active(file):     281472 kB
Inactive(file):   290708 kB
Unevictable:        2732 kB
Mlocked:              32 kB
SwapTotal:        262140 kB
SwapFree:          56940 kB
Dirty:               260 kB
Writeback:            28 kB
AnonPages:       1025120 kB
Mapped:           127844 kB
Shmem:            127676 kB
Slab:              96496 kB
SReclaimable:      70936 kB
SUnreclaim:        25560 kB
KernelStack:        6992 kB
PageTables:        27260 kB
NFS_Unstable:          0 kB
Bounce:                0 kB
WritebackTmp:          0 kB
CommitLimit:     1251180 kB
Committed_AS:    4092912 kB
VmallocTotal:   34359738367 kB
VmallocUsed:      342836 kB
VmallocChunk:   34359386588 kB
HardwareCorrupted:     0 kB
AnonHugePages:     77824 kB
HugePages_Total:       0
HugePages_Free:        0
HugePages_Rsvd:        0
HugePages_Surp:        0
Hugepagesize:       2048 kB
DirectMap4k:       57632 kB
DirectMap2M:     1968128 kB


CPU:total 2 (2 cores per cpu, 1 threads per core) family 6 model 23 stepping 10, cmov, cx8, fxsr, mmx, sse, sse2, sse3, ssse3, tsc

/proc/cpuinfo:
processor	: 0
vendor_id	: GenuineIntel
cpu family	: 6
model		: 23
model name	: Celeron(R) Dual-Core CPU       T3500  @ 2.10GHz
stepping	: 10
microcode	: 0xa0b
cpu MHz		: 2094.796
cache size	: 1024 KB
physical id	: 0
siblings	: 2
core id		: 0
cpu cores	: 2
apicid		: 0
initial apicid	: 0
fpu		: yes
fpu_exception	: yes
cpuid level	: 13
wp		: yes
flags		: fpu vme de pse tsc msr pae mce cx8 apic sep mtrr pge mca cmov pat pse36 clflush dts acpi mmx fxsr sse sse2 ss ht tm pbe syscall nx lm constant_tsc arch_perfmon pebs bts rep_good nopl aperfmperf pni dtes64 monitor ds_cpl tm2 ssse3 cx16 xtpr pdcm xsave lahf_lm dtherm
bogomips	: 4189.59
clflush size	: 64
cache_alignment	: 64
address sizes	: 36 bits physical, 48 bits virtual
power management:

processor	: 1
vendor_id	: GenuineIntel
cpu family	: 6
model		: 23
model name	: Celeron(R) Dual-Core CPU       T3500  @ 2.10GHz
stepping	: 10
microcode	: 0xa0b
cpu MHz		: 2094.796
cache size	: 1024 KB
physical id	: 0
siblings	: 2
core id		: 1
cpu cores	: 2
apicid		: 1
initial apicid	: 1
fpu		: yes
fpu_exception	: yes
cpuid level	: 13
wp		: yes
flags		: fpu vme de pse tsc msr pae mce cx8 apic sep mtrr pge mca cmov pat pse36 clflush dts acpi mmx fxsr sse sse2 ss ht tm pbe syscall nx lm constant_tsc arch_perfmon pebs bts rep_good nopl aperfmperf pni dtes64 monitor ds_cpl tm2 ssse3 cx16 xtpr pdcm xsave lahf_lm dtherm
bogomips	: 4189.59
clflush size	: 64
cache_alignment	: 64
address sizes	: 36 bits physical, 48 bits virtual
power management:



Memory: 4k page, physical 1978080k(77716k free), swap 262140k(56940k free)

vm_info: OpenJDK 64-Bit Server VM (24.79-b02) for linux-amd64 JRE (1.7.0_79-b14), built on Jul 24 2015 08:15:54 by "buildd" with gcc 4.8.2

time: Tue Sep 15 08:08:57 2015
elapsed time: 3 seconds

