This is pdfTeX, Version 3.1415926-2.5-1.40.14 (MiKTeX 2.9 64-bit) (preloaded format=pdflatex 2015.2.27)  16 OCT 2015 08:47
entering extended mode
**ProductBacklog.tex

("C:\Users\Eppy\Documents\GitHub\linphone-android\Documentation\Product Backlog
\ProductBacklog.tex"
LaTeX2e <2011/06/27>
Babel <v3.8m> and hyphenation patterns for english, afrikaans, ancientgreek, ar
abic, armenian, assamese, basque, bengali, bokmal, bulgarian, catalan, coptic, 
croatian, czech, danish, dutch, esperanto, estonian, farsi, finnish, french, ga
lician, german, german-x-2013-05-26, greek, gujarati, hindi, hungarian, iceland
ic, indonesian, interlingua, irish, italian, kannada, kurmanji, latin, latvian,
 lithuanian, malayalam, marathi, mongolian, mongolianlmc, monogreek, ngerman, n
german-x-2013-05-26, nynorsk, oriya, panjabi, pinyin, polish, portuguese, roman
ian, russian, sanskrit, serbian, slovak, slovenian, spanish, swedish, swissgerm
an, tamil, telugu, turkish, turkmen, ukenglish, ukrainian, uppersorbian, usengl
ishmax, welsh, loaded.
("C:\Program Files\MiKTeX 2.9\tex\latex\base\article.cls"
Document Class: article 2007/10/19 v1.4h Standard LaTeX document class
("C:\Program Files\MiKTeX 2.9\tex\latex\base\size10.clo"
File: size10.clo 2007/10/19 v1.4h Standard LaTeX file (size option)
)
\c@part=\count79
\c@section=\count80
\c@subsection=\count81
\c@subsubsection=\count82
\c@paragraph=\count83
\c@subparagraph=\count84
\c@figure=\count85
\c@table=\count86
\abovecaptionskip=\skip41
\belowcaptionskip=\skip42
\bibindent=\dimen102
)
("C:\Program Files\MiKTeX 2.9\tex\latex\graphics\graphicx.sty"
Package: graphicx 1999/02/16 v1.0f Enhanced LaTeX Graphics (DPC,SPQR)

("C:\Program Files\MiKTeX 2.9\tex\latex\graphics\keyval.sty"
Package: keyval 1999/03/16 v1.13 key=value parser (DPC)
\KV@toks@=\toks14
)
("C:\Program Files\MiKTeX 2.9\tex\latex\graphics\graphics.sty"
Package: graphics 2009/02/05 v1.0o Standard LaTeX Graphics (DPC,SPQR)

("C:\Program Files\MiKTeX 2.9\tex\latex\graphics\trig.sty"
Package: trig 1999/03/16 v1.09 sin cos tan (DPC)
)
("C:\Program Files\MiKTeX 2.9\tex\latex\00miktex\graphics.cfg"
File: graphics.cfg 2007/01/18 v1.5 graphics configuration of teTeX/TeXLive
)
Package graphics Info: Driver file: pdftex.def on input line 91.

("C:\Program Files\MiKTeX 2.9\tex\latex\pdftex-def\pdftex.def"
File: pdftex.def 2011/05/27 v0.06d Graphics/color for pdfTeX

("C:\Program Files\MiKTeX 2.9\tex\generic\oberdiek\infwarerr.sty"
Package: infwarerr 2010/04/08 v1.3 Providing info/warning/error messages (HO)
)
("C:\Program Files\MiKTeX 2.9\tex\generic\oberdiek\ltxcmds.sty"
Package: ltxcmds 2011/11/09 v1.22 LaTeX kernel commands for general use (HO)
)
\Gread@gobject=\count87
))
\Gin@req@height=\dimen103
\Gin@req@width=\dimen104
)
("C:\Program Files\MiKTeX 2.9\tex\latex\hyperref\hyperref.sty"
Package: hyperref 2012/11/06 v6.83m Hypertext links for LaTeX

("C:\Program Files\MiKTeX 2.9\tex\generic\oberdiek\hobsub-hyperref.sty"
Package: hobsub-hyperref 2012/04/25 v1.12 Bundle oberdiek, subset hyperref (HO)


("C:\Program Files\MiKTeX 2.9\tex\generic\oberdiek\hobsub-generic.sty"
Package: hobsub-generic 2012/04/25 v1.12 Bundle oberdiek, subset generic (HO)
Package: hobsub 2012/04/25 v1.12 Construct package bundles (HO)
Package hobsub Info: Skipping package `infwarerr' (already loaded).
Package hobsub Info: Skipping package `ltxcmds' (already loaded).
Package: ifluatex 2010/03/01 v1.3 Provides the ifluatex switch (HO)
Package ifluatex Info: LuaTeX not detected.
Package: ifvtex 2010/03/01 v1.5 Detect VTeX and its facilities (HO)
Package ifvtex Info: VTeX not detected.
Package: intcalc 2007/09/27 v1.1 Expandable calculations with integers (HO)
Package: ifpdf 2011/01/30 v2.3 Provides the ifpdf switch (HO)
Package ifpdf Info: pdfTeX in PDF mode is detected.
Package: etexcmds 2011/02/16 v1.5 Avoid name clashes with e-TeX commands (HO)
Package etexcmds Info: Could not find \expanded.
(etexcmds)             That can mean that you are not using pdfTeX 1.50 or
(etexcmds)             that some package has redefined \expanded.
(etexcmds)             In the latter case, load this package earlier.
Package: kvsetkeys 2012/04/25 v1.16 Key value parser (HO)
Package: kvdefinekeys 2011/04/07 v1.3 Define keys (HO)
Package: pdftexcmds 2011/11/29 v0.20 Utility functions of pdfTeX for LuaTeX (HO
)
Package pdftexcmds Info: LuaTeX not detected.
Package pdftexcmds Info: \pdf@primitive is available.
Package pdftexcmds Info: \pdf@ifprimitive is available.
Package pdftexcmds Info: \pdfdraftmode found.
Package: pdfescape 2011/11/25 v1.13 Implements pdfTeX's escape features (HO)
Package: bigintcalc 2012/04/08 v1.3 Expandable calculations on big integers (HO
)
Package: bitset 2011/01/30 v1.1 Handle bit-vector datatype (HO)
Package: uniquecounter 2011/01/30 v1.2 Provide unlimited unique counter (HO)
)
Package hobsub Info: Skipping package `hobsub' (already loaded).
Package: letltxmacro 2010/09/02 v1.4 Let assignment for LaTeX macros (HO)
Package: hopatch 2011/06/24 v1.1 Wrapper for package hooks (HO)
Package: xcolor-patch 2011/01/30 xcolor patch
Package: atveryend 2011/06/30 v1.8 Hooks at the very end of document (HO)
Package atveryend Info: \enddocument detected (standard20110627).
Package: atbegshi 2011/10/05 v1.16 At begin shipout hook (HO)
Package: refcount 2011/10/16 v3.4 Data extraction from label references (HO)
Package: hycolor 2011/01/30 v1.7 Color options for hyperref/bookmark (HO)
)
("C:\Program Files\MiKTeX 2.9\tex\generic\ifxetex\ifxetex.sty"
Package: ifxetex 2010/09/12 v0.6 Provides ifxetex conditional
)
("C:\Program Files\MiKTeX 2.9\tex\latex\oberdiek\auxhook.sty"
Package: auxhook 2011/03/04 v1.3 Hooks for auxiliary files (HO)
)
("C:\Program Files\MiKTeX 2.9\tex\latex\oberdiek\kvoptions.sty"
Package: kvoptions 2011/06/30 v3.11 Key value format for package options (HO)
)
\@linkdim=\dimen105
\Hy@linkcounter=\count88
\Hy@pagecounter=\count89

("C:\Program Files\MiKTeX 2.9\tex\latex\hyperref\pd1enc.def"
File: pd1enc.def 2012/11/06 v6.83m Hyperref: PDFDocEncoding definition (HO)
)
\Hy@SavedSpaceFactor=\count90

("C:\Program Files\MiKTeX 2.9\tex\latex\00miktex\hyperref.cfg"
File: hyperref.cfg 2002/06/06 v1.2 hyperref configuration of TeXLive
)
Package hyperref Info: Option `bookmarks' set `true' on input line 4319.
Package hyperref Info: Hyper figures OFF on input line 4443.
Package hyperref Info: Link nesting OFF on input line 4448.
Package hyperref Info: Hyper index ON on input line 4451.
Package hyperref Info: Plain pages OFF on input line 4458.
Package hyperref Info: Backreferencing OFF on input line 4463.
Package hyperref Info: Implicit mode ON; LaTeX internals redefined.
Package hyperref Info: Bookmarks ON on input line 4688.
\c@Hy@tempcnt=\count91

("C:\Program Files\MiKTeX 2.9\tex\latex\url\url.sty"
\Urlmuskip=\muskip10
Package: url 2013/09/16  ver 3.4  Verb mode for urls, etc.
)
LaTeX Info: Redefining \url on input line 5041.
\XeTeXLinkMargin=\dimen106
\Fld@menulength=\count92
\Field@Width=\dimen107
\Fld@charsize=\dimen108
Package hyperref Info: Hyper figures OFF on input line 6295.
Package hyperref Info: Link nesting OFF on input line 6300.
Package hyperref Info: Hyper index ON on input line 6303.
Package hyperref Info: backreferencing OFF on input line 6310.
Package hyperref Info: Link coloring OFF on input line 6315.
Package hyperref Info: Link coloring with OCG OFF on input line 6320.
Package hyperref Info: PDF/A mode OFF on input line 6325.
LaTeX Info: Redefining \ref on input line 6365.
LaTeX Info: Redefining \pageref on input line 6369.
\Hy@abspage=\count93
\c@Item=\count94
\c@Hfootnote=\count95
)

Package hyperref Message: Driver (autodetected): hpdftex.

("C:\Program Files\MiKTeX 2.9\tex\latex\hyperref\hpdftex.def"
File: hpdftex.def 2012/11/06 v6.83m Hyperref driver for pdfTeX
\Fld@listcount=\count96
\c@bookmark@seq@number=\count97

("C:\Program Files\MiKTeX 2.9\tex\latex\oberdiek\rerunfilecheck.sty"
Package: rerunfilecheck 2011/04/15 v1.7 Rerun checks for auxiliary files (HO)
Package uniquecounter Info: New unique counter `rerunfilecheck' on input line 2
82.
)
\Hy@SectionHShift=\skip43
)
("C:\Program Files\MiKTeX 2.9\tex\latex\oberdiek\bookmark.sty"
Package: bookmark 2011/12/02 v1.24 PDF bookmarks (HO)

("C:\Program Files\MiKTeX 2.9\tex\latex\oberdiek\bkm-pdftex.def"
File: bkm-pdftex.def 2011/12/02 v1.24 bookmark driver for pdfTeX (HO)
\BKM@id=\count98
))
("C:\Program Files\MiKTeX 2.9\tex\latex\booktabs\booktabs.sty"
Package: booktabs 2005/04/14 v1.61803 publication quality tables
\heavyrulewidth=\dimen109
\lightrulewidth=\dimen110
\cmidrulewidth=\dimen111
\belowrulesep=\dimen112
\belowbottomsep=\dimen113
\aboverulesep=\dimen114
\abovetopsep=\dimen115
\cmidrulesep=\dimen116
\cmidrulekern=\dimen117
\defaultaddspace=\dimen118
\@cmidla=\count99
\@cmidlb=\count100
\@aboverulesep=\dimen119
\@belowrulesep=\dimen120
\@thisruleclass=\count101
\@lastruleclass=\count102
\@thisrulewidth=\dimen121
)
("C:\Program Files\MiKTeX 2.9\tex\latex\geometry\geometry.sty"
Package: geometry 2010/09/12 v5.6 Page Geometry
\Gm@cnth=\count103
\Gm@cntv=\count104
\c@Gm@tempcnt=\count105
\Gm@bindingoffset=\dimen122
\Gm@wd@mp=\dimen123
\Gm@odd@mp=\dimen124
\Gm@even@mp=\dimen125
\Gm@layoutwidth=\dimen126
\Gm@layoutheight=\dimen127
\Gm@layouthoffset=\dimen128
\Gm@layoutvoffset=\dimen129
\Gm@dimlist=\toks15

("C:\Program Files\MiKTeX 2.9\tex\latex\geometry\geometry.cfg"))
("C:\Program Files\MiKTeX 2.9\tex\latex\float\float.sty"
Package: float 2001/11/08 v1.3d Float enhancements (AL)
\c@float@type=\count106
\float@exts=\toks16
\float@box=\box26
\@float@everytoks=\toks17
\@floatcapt=\box27
)
("C:\Program Files\MiKTeX 2.9\tex\latex\caption\caption.sty"
Package: caption 2013/05/02 v3.3-89 Customizing captions (AR)

("C:\Program Files\MiKTeX 2.9\tex\latex\caption\caption3.sty"
Package: caption3 2013/05/02 v1.6-88 caption3 kernel (AR)
Package caption3 Info: TeX engine: e-TeX on input line 57.
\captionmargin=\dimen130
\captionmargin@=\dimen131
\captionwidth=\dimen132
\caption@tempdima=\dimen133
\caption@indent=\dimen134
\caption@parindent=\dimen135
\caption@hangindent=\dimen136
)
\c@ContinuedFloat=\count107
Package caption Info: float package is loaded.
Package caption Info: hyperref package is loaded.
)
("C:\Program Files\MiKTeX 2.9\tex\generic\babel\babel.sty"
Package: babel 2008/07/08 v3.8m The Babel package

*************************************
* Local config file bblopts.cfg used
*
("C:\Program Files\MiKTeX 2.9\tex\latex\00miktex\bblopts.cfg"
File: bblopts.cfg 2006/07/31 v1.0 MiKTeX 'babel' configuration
)
("C:\Program Files\MiKTeX 2.9\tex\generic\babel\english.ldf"
Language: english 2005/03/30 v3.3o English support from the babel system

("C:\Program Files\MiKTeX 2.9\tex\generic\babel\babel.def"
File: babel.def 2008/07/08 v3.8m Babel common definitions
\babel@savecnt=\count108
\U@D=\dimen137
)
\l@canadian = a dialect from \language\l@american 
\l@australian = a dialect from \language\l@british 
\l@newzealand = a dialect from \language\l@british 
))
("C:\Program Files\MiKTeX 2.9\tex\latex\tools\dcolumn.sty"
Package: dcolumn 2001/05/28 v1.06 decimal alignment package (DPC)

("C:\Program Files\MiKTeX 2.9\tex\latex\tools\array.sty"
Package: array 2008/09/09 v2.4c Tabular extension package (FMi)
\col@sep=\dimen138
\extrarowheight=\dimen139
\NC@list=\toks18
\extratabsurround=\skip44
\backup@length=\skip45
))
("C:\Program Files\MiKTeX 2.9\tex\latex\xcolor\xcolor.sty"
Package: xcolor 2007/01/21 v2.11 LaTeX color extensions (UK)

("C:\Program Files\MiKTeX 2.9\tex\latex\00miktex\color.cfg"
File: color.cfg 2007/01/18 v1.5 color configuration of teTeX/TeXLive
)
Package xcolor Info: Driver file: pdftex.def on input line 225.

("C:\Program Files\MiKTeX 2.9\tex\latex\colortbl\colortbl.sty"
Package: colortbl 2012/02/13 v1.0a Color table columns (DPC)
\everycr=\toks19
\minrowclearance=\skip46
)
\rownum=\count109
Package xcolor Info: Model `cmy' substituted by `cmy0' on input line 1337.
Package xcolor Info: Model `hsb' substituted by `rgb' on input line 1341.
Package xcolor Info: Model `RGB' extended on input line 1353.
Package xcolor Info: Model `HTML' substituted by `rgb' on input line 1355.
Package xcolor Info: Model `Hsb' substituted by `hsb' on input line 1356.
Package xcolor Info: Model `tHsb' substituted by `hsb' on input line 1357.
Package xcolor Info: Model `HSB' substituted by `hsb' on input line 1358.
Package xcolor Info: Model `Gray' substituted by `gray' on input line 1359.
Package xcolor Info: Model `wave' substituted by `hsb' on input line 1360.
)
("C:\Users\Eppy\Documents\GitHub\linphone-android\Documentation\Product Backlog
\ProductBacklog.aux"

LaTeX Warning: Label `tab:template' multiply defined.


LaTeX Warning: Label `tab:template' multiply defined.


LaTeX Warning: Label `tab:template' multiply defined.

)
LaTeX Font Info:    Checking defaults for OML/cmm/m/it on input line 19.
LaTeX Font Info:    ... okay on input line 19.
LaTeX Font Info:    Checking defaults for T1/cmr/m/n on input line 19.
LaTeX Font Info:    ... okay on input line 19.
LaTeX Font Info:    Checking defaults for OT1/cmr/m/n on input line 19.
LaTeX Font Info:    ... okay on input line 19.
LaTeX Font Info:    Checking defaults for OMS/cmsy/m/n on input line 19.
LaTeX Font Info:    ... okay on input line 19.
LaTeX Font Info:    Checking defaults for OMX/cmex/m/n on input line 19.
LaTeX Font Info:    ... okay on input line 19.
LaTeX Font Info:    Checking defaults for U/cmr/m/n on input line 19.
LaTeX Font Info:    ... okay on input line 19.
LaTeX Font Info:    Checking defaults for PD1/pdf/m/n on input line 19.
LaTeX Font Info:    ... okay on input line 19.
 ("C:\Program Files\MiKTeX 2.9\tex\context\base\supp-pdf.mkii"
[Loading MPS to PDF converter (version 2006.09.02).]
\scratchcounter=\count110
\scratchdimen=\dimen140
\scratchbox=\box28
\nofMPsegments=\count111
\nofMParguments=\count112
\everyMPshowfont=\toks20
\MPscratchCnt=\count113
\MPscratchDim=\dimen141
\MPnumerator=\count114
\makeMPintoPDFobject=\count115
\everyMPtoPDFconversion=\toks21
)
\AtBeginShipoutBox=\box29
Package hyperref Info: Link coloring OFF on input line 19.
 ("C:\Program Files\MiKTeX 2.9\tex\latex\hyperref\nameref.sty"
Package: nameref 2012/10/27 v2.43 Cross-referencing by name of section

("C:\Program Files\MiKTeX 2.9\tex\generic\oberdiek\gettitlestring.sty"
Package: gettitlestring 2010/12/03 v1.4 Cleanup title references (HO)
)
\c@section@level=\count116
)
LaTeX Info: Redefining \ref on input line 19.
LaTeX Info: Redefining \pageref on input line 19.
LaTeX Info: Redefining \nameref on input line 19.

*geometry* driver: auto-detecting
*geometry* detected driver: pdftex
*geometry* verbose mode - [ preamble ] result:
* driver: pdftex
* paper: a4paper
* layout: <same size as paper>
* layoutoffset:(h,v)=(0.0pt,0.0pt)
* modes: 
* h-part:(L,W,R)=(86.72377pt, 424.06033pt, 86.72377pt)
* v-part:(T,H,B)=(86.72377pt, 671.5993pt, 86.72377pt)
* \paperwidth=597.50787pt
* \paperheight=845.04684pt
* \textwidth=424.06033pt
* \textheight=671.5993pt
* \oddsidemargin=14.45378pt
* \evensidemargin=14.45378pt
* \topmargin=-22.54622pt
* \headheight=12.0pt
* \headsep=25.0pt
* \topskip=10.0pt
* \footskip=30.0pt
* \marginparwidth=57.0pt
* \marginparsep=11.0pt
* \columnsep=10.0pt
* \skip\footins=9.0pt plus 4.0pt minus 2.0pt
* \hoffset=0.0pt
* \voffset=0.0pt
* \mag=1000
* \@twocolumnfalse
* \@twosidefalse
* \@mparswitchfalse
* \@reversemarginfalse
* (1in=72.27pt=25.4mm, 1cm=28.453pt)

Package caption Info: Begin \AtBeginDocument code.
Package caption Info: End \AtBeginDocument code.

("C:\Users\Eppy\Documents\GitHub\linphone-android\Documentation\Product Backlog
\titlePage.tex" <pictures/logo.jpg, id=3, 877.02657pt x 325.215pt>
File: pictures/logo.jpg Graphic file (type jpg)

<use pictures/logo.jpg>
Package pdftex.def Info: pictures/logo.jpg used on input line 5.
(pdftex.def)             Requested size: 401.50146pt x 148.88612pt.
LaTeX Font Info:    External font `cmex10' loaded for size
(Font)              <12> on input line 8.
LaTeX Font Info:    External font `cmex10' loaded for size
(Font)              <8> on input line 8.
LaTeX Font Info:    External font `cmex10' loaded for size
(Font)              <6> on input line 8.
 <pictures/Team.jpg, id=4, 975.645pt x 549.05125pt>
File: pictures/Team.jpg Graphic file (type jpg)

<use pictures/Team.jpg>
Package pdftex.def Info: pictures/Team.jpg used on input line 18.
(pdftex.def)             Requested size: 351.31378pt x 197.70018pt.
 [1

{C:/ProgramData/MiKTeX/2.9/pdftex/config/pdftex.map} <C:/Users/Eppy/Documents/G
itHub/linphone-android/Documentation/Product Backlog/pictures/logo.jpg> <C:/Use
rs/Eppy/Documents/GitHub/linphone-android/Documentation/Product Backlog/picture
s/Team.jpg>])
LaTeX Font Info:    External font `cmex10' loaded for size
(Font)              <7> on input line 36.
LaTeX Font Info:    External font `cmex10' loaded for size
(Font)              <5> on input line 36.

Underfull \hbox (badness 10000) in paragraph at lines 40--41
[]|\OT1/cmr/m/n/10 Linphone Group
 []


Underfull \hbox (badness 10000) in paragraph at lines 45--45
[]|\OT1/cmr/m/n/10 Client rep-re-sen-ta-
 []


Underfull \hbox (badness 10000) in paragraph at lines 47--47
[]|\OT1/cmr/m/n/10 Ephiphania Mu-
 []


Underfull \hbox (badness 5548) in paragraph at lines 47--47
\OT1/cmr/m/n/10 nava and Potego
 []

pdfTeX warning (ext4): destination with the same identifier (name{page.1}) has 
been already used, duplicate ignored
<to be read again> 
                   \relax 
l.53 \clearpage
                [1]
Overfull \hbox (5.63068pt too wide) in paragraph at lines 61--61
[]|\OT1/cmr/m/n/10 Priority| 
 []


Overfull \hbox (13.87657pt too wide) in paragraph at lines 63--63
[]|\OT1/cmr/m/n/10 Environment
 []


Underfull \hbox (badness 10000) in paragraph at lines 63--63
[]|\OT1/cmr/m/n/10 Linux, Eclipse,
 []


Underfull \hbox (badness 10000) in paragraph at lines 63--63
\OT1/cmr/m/n/10 An-droid SDK,
 []


Underfull \hbox (badness 10000) in paragraph at lines 63--63
\OT1/cmr/m/n/10 Lin-phone project
 []


Underfull \hbox (badness 10000) in paragraph at lines 63--63
\OT1/cmr/m/n/10 re-cur-sive one,
 []


Overfull \hbox (4.35287pt too wide) in paragraph at lines 63--63
[]|\OT1/cmr/m/n/10 Critical| 
 []


Underfull \hbox (badness 2326) in paragraph at lines 64--64
\OT1/cmr/m/n/10 mented code ex-e-
 []


Underfull \hbox (badness 1881) in paragraph at lines 64--64
\OT1/cmr/m/n/10 does not cause a
 []


Overfull \hbox (16.29738pt too wide) in paragraph at lines 64--64
[]|\OT1/cmr/m/n/10 Important| 
 []


Underfull \hbox (badness 4686) in paragraph at lines 66--66
[]|\OT1/cmr/m/n/10 I can con-tin-u-ally
 []


Underfull \hbox (badness 3471) in paragraph at lines 66--66
\OT1/cmr/m/n/10 de-ploy a work-ing
 []


Underfull \hbox (badness 5652) in paragraph at lines 66--66
\OT1/cmr/m/n/10 phone de-vices to
 []


Overfull \hbox (16.29738pt too wide) in paragraph at lines 66--66
[]|\OT1/cmr/m/n/10 Important| 
 []


Underfull \hbox (badness 10000) in paragraph at lines 68--68
[]|\OT1/cmr/m/n/10 Group
 []


Underfull \hbox (badness 10000) in paragraph at lines 68--68
\OT1/cmr/m/n/10 Chat
 []


Underfull \hbox (badness 10000) in paragraph at lines 68--68
\OT1/cmr/m/n/10 In-ter-face
 []


Underfull \hbox (badness 3396) in paragraph at lines 68--68
[]|\OT1/cmr/m/n/10 As a lin-phone
 []


Underfull \hbox (badness 2903) in paragraph at lines 68--68
[]|\OT1/cmr/m/n/10 This in-cludes the
 []


Underfull \hbox (badness 10000) in paragraph at lines 68--68
\OT1/cmr/m/n/10 tion-al-ity, Cre-ate
 []


Underfull \hbox (badness 10000) in paragraph at lines 68--68
\OT1/cmr/m/n/10 new group chat
 []


Overfull \hbox (4.35287pt too wide) in paragraph at lines 68--68
[]|\OT1/cmr/m/n/10 Critical| 
 []


Underfull \hbox (badness 10000) in paragraph at lines 71--71
[]|\OT1/cmr/m/n/10 Welcome
 []


Underfull \hbox (badness 5460) in paragraph at lines 71--71
[]|\OT1/cmr/m/n/10 I want to know
 []


Underfull \hbox (badness 10000) in paragraph at lines 71--71
\OT1/cmr/m/n/10 what to ex-pect
 []


Underfull \hbox (badness 10000) in paragraph at lines 71--71
\OT1/cmr/m/n/10 when cre-at-ing a
 []


Underfull \hbox (badness 10000) in paragraph at lines 71--71
\OT1/cmr/m/n/10 group chat and
 []


Underfull \hbox (badness 10000) in paragraph at lines 71--71
[]|\OT1/cmr/m/n/10 Nice
 []


Underfull \hbox (badness 10000) in paragraph at lines 71--71
\OT1/cmr/m/n/10 To
 []


Underfull \hbox (badness 10000) in paragraph at lines 73--73
[]|\OT1/cmr/m/n/10 Selecting
 []


Underfull \hbox (badness 10000) in paragraph at lines 73--73
\OT1/cmr/m/n/10 group
 []


Underfull \hbox (badness 3396) in paragraph at lines 73--73
[]|\OT1/cmr/m/n/10 As a lin-phone
 []


Underfull \hbox (badness 7740) in paragraph at lines 73--73
\OT1/cmr/m/n/10 group name and
 []


Underfull \hbox (badness 10000) in paragraph at lines 73--73
[]|\OT1/cmr/m/n/10 Nice
 []


Underfull \hbox (badness 10000) in paragraph at lines 73--73
\OT1/cmr/m/n/10 to
 []


Overfull \hbox (61.37268pt too wide) in paragraph at lines 57--79
[][] 
 []


Overfull \hbox (5.63068pt too wide) in paragraph at lines 90--90
[]|\OT1/cmr/m/n/10 Priority| 
 []


Underfull \hbox (badness 10000) in paragraph at lines 93--93
[]|\OT1/cmr/m/n/10 Select
 []


Underfull \hbox (badness 10000) in paragraph at lines 93--93
\OT1/cmr/m/n/10 Par-tic-i-
 []


Underfull \hbox (badness 3354) in paragraph at lines 93--93
[]|\OT1/cmr/m/n/10 A screen ap-pears
 []


Underfull \hbox (badness 2285) in paragraph at lines 93--93
\OT1/cmr/m/n/10 with the con-tacts
 []


Underfull \hbox (badness 2547) in paragraph at lines 93--93
\OT1/cmr/m/n/10 tor can se-lect to
 []


Overfull \hbox (4.35287pt too wide) in paragraph at lines 93--93
[]|\OT1/cmr/m/n/10 Critical| 
 []


Underfull \hbox (badness 10000) in paragraph at lines 95--95
[]|\OT1/cmr/m/n/10 Select
 []


Underfull \hbox (badness 10000) in paragraph at lines 95--95
\OT1/cmr/m/n/10 Group
 []


Underfull \hbox (badness 2285) in paragraph at lines 95--95
\OT1/cmr/m/n/10 on more in-for-ma-
 []


Underfull \hbox (badness 10000) in paragraph at lines 95--95
[]|\OT1/cmr/m/n/10 Nice
 []


Underfull \hbox (badness 10000) in paragraph at lines 95--95
\OT1/cmr/m/n/10 To
 []


Underfull \hbox (badness 10000) in paragraph at lines 95--95
[]|\OT1/cmr/m/n/10 In
 []


Overfull \hbox (7.26953pt too wide) in paragraph at lines 95--95
\OT1/cmr/m/n/10 progress| 
 []


Underfull \hbox (badness 10000) in paragraph at lines 98--98
[]|\OT1/cmr/m/n/10 Type
 []


Underfull \hbox (badness 10000) in paragraph at lines 98--98
\OT1/cmr/m/n/10 mes-sage in the
 []


Underfull \hbox (badness 2828) in paragraph at lines 98--98
\OT1/cmr/m/n/10 com-mu-ni-cate with
 []


Underfull \hbox (badness 1112) in paragraph at lines 98--98
\OT1/cmr/m/n/10 group can type a
 []


Underfull \hbox (badness 2452) in paragraph at lines 98--98
\OT1/cmr/m/n/10 mes-sage that will
 []


Underfull \hbox (badness 6125) in paragraph at lines 98--98
\OT1/cmr/m/n/10 be sent and re-
 []


Overfull \hbox (4.35287pt too wide) in paragraph at lines 98--98
[]|\OT1/cmr/m/n/10 Critical| 
 []


Underfull \hbox (badness 10000) in paragraph at lines 100--100
[]|\OT1/cmr/m/n/10 Send
 []


Underfull \hbox (badness 10000) in paragraph at lines 100--100
[]|\OT1/cmr/m/n/10 I want to send
 []


Underfull \hbox (badness 1762) in paragraph at lines 100--100
\OT1/cmr/m/n/10 a mes-sage in the
 []


Underfull \hbox (badness 1087) in paragraph at lines 100--100
\OT1/cmr/m/n/10 share my mes-sage
 []


Overfull \hbox (4.35287pt too wide) in paragraph at lines 100--100
[]|\OT1/cmr/m/n/10 Critical| 
 []


Underfull \hbox (badness 10000) in paragraph at lines 102--102
[]|\OT1/cmr/m/n/10 Receive
 []


Underfull \hbox (badness 1478) in paragraph at lines 102--102
[]|\OT1/cmr/m/n/10 I want to re-ceive
 []


Underfull \hbox (badness 10000) in paragraph at lines 102--102
\OT1/cmr/m/n/10 mes-sages in the
 []


Underfull \hbox (badness 10000) in paragraph at lines 102--102
\OT1/cmr/m/n/10 group from the
 []


Underfull \hbox (badness 10000) in paragraph at lines 102--102
\OT1/cmr/m/n/10 mem-bers of the
 []


Overfull \hbox (4.35287pt too wide) in paragraph at lines 102--102
[]|\OT1/cmr/m/n/10 Critical| 
 []


Underfull \hbox (badness 10000) in paragraph at lines 104--104
[]|\OT1/cmr/m/n/10 Record
 []


Underfull \hbox (badness 1590) in paragraph at lines 104--104
\OT1/cmr/m/n/10 voice note in the
 []


Underfull \hbox (badness 3977) in paragraph at lines 104--104
\OT1/cmr/m/n/10 group can record
 []


Underfull \hbox (badness 10000) in paragraph at lines 104--104
[]|\OT1/cmr/m/n/10 Nice
 []


Underfull \hbox (badness 10000) in paragraph at lines 104--104
\OT1/cmr/m/n/10 to
 []


Underfull \hbox (badness 10000) in paragraph at lines 106--106
[]|\OT1/cmr/m/n/10 Send
 []


Underfull \hbox (badness 10000) in paragraph at lines 106--106
\OT1/cmr/m/n/10 Record
 []


Underfull \hbox (badness 1590) in paragraph at lines 106--106
\OT1/cmr/m/n/10 voice note in the
 []


Underfull \hbox (badness 8113) in paragraph at lines 106--106
[]|\OT1/cmr/m/n/10 The mem-bers of
 []


Underfull \hbox (badness 10000) in paragraph at lines 106--106
\OT1/cmr/m/n/10 the group can
 []


Underfull \hbox (badness 3179) in paragraph at lines 106--106
\OT1/cmr/m/n/10 and send to one
 []


Underfull \hbox (badness 10000) in paragraph at lines 106--106
[]|\OT1/cmr/m/n/10 Nice
 []


Underfull \hbox (badness 10000) in paragraph at lines 106--106
\OT1/cmr/m/n/10 to
 []


Underfull \hbox (badness 10000) in paragraph at lines 106--107
[]|\OT1/cmr/m/n/10 In
 []


Overfull \hbox (7.26953pt too wide) in paragraph at lines 106--107
\OT1/cmr/m/n/10 progress| 
 []


Overfull \hbox (61.37268pt too wide) in paragraph at lines 86--112
[][] 
 []

[2

] [3]
Overfull \hbox (5.63068pt too wide) in paragraph at lines 124--124
[]|\OT1/cmr/m/n/10 Priority| 
 []


Overfull \hbox (6.49385pt too wide) in paragraph at lines 124--125
[]|\OT1/cmr/m/n/10 Status| 
 []


Underfull \hbox (badness 10000) in paragraph at lines 127--127
[]|\OT1/cmr/m/n/10 Receive
 []


Underfull \hbox (badness 1590) in paragraph at lines 127--127
\OT1/cmr/m/n/10 voice note in the
 []


Underfull \hbox (badness 1418) in paragraph at lines 127--127
\OT1/cmr/m/n/10 group and re-ceive
 []


Underfull \hbox (badness 7221) in paragraph at lines 127--127
\OT1/cmr/m/n/10 voice notes from
 []


Underfull \hbox (badness 3977) in paragraph at lines 127--127
\OT1/cmr/m/n/10 group can record
 []


Underfull \hbox (badness 3199) in paragraph at lines 127--127
\OT1/cmr/m/n/10 voice notes, send
 []


Underfull \hbox (badness 3168) in paragraph at lines 127--127
\OT1/cmr/m/n/10 from other group
 []


Underfull \hbox (badness 10000) in paragraph at lines 127--127
[]|\OT1/cmr/m/n/10 Nice
 []


Underfull \hbox (badness 10000) in paragraph at lines 127--127
\OT1/cmr/m/n/10 to
 []


Overfull \hbox (1.29938pt too wide) in paragraph at lines 127--127
[]|\OT1/cmr/m/n/10 Done| 
 []


Underfull \hbox (badness 10000) in paragraph at lines 129--129
[]|\OT1/cmr/m/n/10 Send En-
 []


Underfull \hbox (badness 10000) in paragraph at lines 129--129
\OT1/cmr/m/n/10 crypted
 []


Underfull \hbox (badness 2393) in paragraph at lines 129--129
\OT1/cmr/m/n/10 Group Mes-
 []


Underfull \hbox (badness 10000) in paragraph at lines 129--129
[]|\OT1/cmr/m/n/10 I want to send
 []


Underfull \hbox (badness 8113) in paragraph at lines 129--129
[]|\OT1/cmr/m/n/10 The mem-bers of
 []


Overfull \hbox (4.35287pt too wide) in paragraph at lines 129--129
[]|\OT1/cmr/m/n/10 Critical| 
 []


Overfull \hbox (1.29938pt too wide) in paragraph at lines 129--129
[]|\OT1/cmr/m/n/10 Done| 
 []


Underfull \hbox (badness 10000) in paragraph at lines 131--131
[]|\OT1/cmr/m/n/10 Receive
 []


Underfull \hbox (badness 10000) in paragraph at lines 131--131
\OT1/cmr/m/n/10 En-crypted
 []


Underfull \hbox (badness 2393) in paragraph at lines 131--131
\OT1/cmr/m/n/10 Group Mes-
 []


Underfull \hbox (badness 1478) in paragraph at lines 131--131
[]|\OT1/cmr/m/n/10 I want to re-ceive
 []


Underfull \hbox (badness 2088) in paragraph at lines 131--131
\OT1/cmr/m/n/10 group can re-ceive
 []


Overfull \hbox (4.35287pt too wide) in paragraph at lines 131--131
[]|\OT1/cmr/m/n/10 Critical| 
 []


Underfull \hbox (badness 10000) in paragraph at lines 131--131
[]|\OT1/cmr/m/n/10 In
 []


Overfull \hbox (14.38272pt too wide) in paragraph at lines 131--131
\OT1/cmr/m/n/10 progress| 
 []


Underfull \hbox (badness 10000) in paragraph at lines 133--133
[]|\OT1/cmr/m/n/10 Send En-
 []


Underfull \hbox (badness 10000) in paragraph at lines 133--133
\OT1/cmr/m/n/10 crypted
 []


Underfull \hbox (badness 10000) in paragraph at lines 133--133
\OT1/cmr/m/n/10 Group Pic-
 []


Overfull \hbox (4.35287pt too wide) in paragraph at lines 133--133
[]|\OT1/cmr/m/n/10 Critical| 
 []


Underfull \hbox (badness 10000) in paragraph at lines 133--133
[]|\OT1/cmr/m/n/10 In
 []


Overfull \hbox (14.38272pt too wide) in paragraph at lines 133--133
\OT1/cmr/m/n/10 progress| 
 []


Underfull \hbox (badness 10000) in paragraph at lines 135--135
[]|\OT1/cmr/m/n/10 Receive
 []


Underfull \hbox (badness 10000) in paragraph at lines 135--135
\OT1/cmr/m/n/10 En-crypted
 []


Underfull \hbox (badness 10000) in paragraph at lines 135--135
\OT1/cmr/m/n/10 Group Pic-
 []


Underfull \hbox (badness 1478) in paragraph at lines 135--135
[]|\OT1/cmr/m/n/10 I want to re-ceive
 []


Underfull \hbox (badness 1852) in paragraph at lines 135--135
\OT1/cmr/m/n/10 en-crypted pic-tures
 []


Underfull \hbox (badness 2088) in paragraph at lines 135--135
\OT1/cmr/m/n/10 group can re-ceive
 []


Underfull \hbox (badness 1852) in paragraph at lines 135--135
\OT1/cmr/m/n/10 en-crypted pic-tures
 []


Overfull \hbox (4.35287pt too wide) in paragraph at lines 135--135
[]|\OT1/cmr/m/n/10 Critical| 
 []


Underfull \hbox (badness 10000) in paragraph at lines 135--135
[]|\OT1/cmr/m/n/10 In
 []


Overfull \hbox (14.38272pt too wide) in paragraph at lines 135--135
\OT1/cmr/m/n/10 progress| 
 []


Underfull \hbox (badness 10000) in paragraph at lines 137--137
[]|\OT1/cmr/m/n/10 Send En-
 []


Underfull \hbox (badness 10000) in paragraph at lines 137--137
\OT1/cmr/m/n/10 crypted
 []


Underfull \hbox (badness 10000) in paragraph at lines 137--137
\OT1/cmr/m/n/10 Recorded
 []


Underfull \hbox (badness 10000) in paragraph at lines 137--137
[]|\OT1/cmr/m/n/10 I want to send
 []


Underfull \hbox (badness 10000) in paragraph at lines 137--137
\OT1/cmr/m/n/10 mem-bers of the
 []


Underfull \hbox (badness 8113) in paragraph at lines 137--137
[]|\OT1/cmr/m/n/10 The mem-bers of
 []


Overfull \hbox (4.35287pt too wide) in paragraph at lines 137--137
[]|\OT1/cmr/m/n/10 Critical| 
 []


Underfull \hbox (badness 10000) in paragraph at lines 137--137
[]|\OT1/cmr/m/n/10 In
 []


Overfull \hbox (14.38272pt too wide) in paragraph at lines 137--137
\OT1/cmr/m/n/10 progress| 
 []


Underfull \hbox (badness 10000) in paragraph at lines 139--139
[]|\OT1/cmr/m/n/10 Receive
 []


Underfull \hbox (badness 10000) in paragraph at lines 139--139
\OT1/cmr/m/n/10 En-crypted
 []


Underfull \hbox (badness 10000) in paragraph at lines 139--139
\OT1/cmr/m/n/10 Recorded
 []


Underfull \hbox (badness 1478) in paragraph at lines 139--139
[]|\OT1/cmr/m/n/10 I want to re-ceive
 []


Underfull \hbox (badness 7221) in paragraph at lines 139--139
\OT1/cmr/m/n/10 voice notes from
 []


Underfull \hbox (badness 2088) in paragraph at lines 139--139
\OT1/cmr/m/n/10 group can re-ceive
 []


Underfull \hbox (badness 7221) in paragraph at lines 139--139
\OT1/cmr/m/n/10 voice notes from
 []


Overfull \hbox (4.35287pt too wide) in paragraph at lines 139--139
[]|\OT1/cmr/m/n/10 Critical| 
 []


Underfull \hbox (badness 10000) in paragraph at lines 139--140
[]|\OT1/cmr/m/n/10 In
 []


Overfull \hbox (14.38272pt too wide) in paragraph at lines 139--140
\OT1/cmr/m/n/10 progress| 
 []


Overfull \hbox (68.48587pt too wide) in paragraph at lines 120--143
[][] 
 []

[4

]
Package atveryend Info: Empty hook `BeforeClearDocument' on input line 167.
Package atveryend Info: Empty hook `AfterLastShipout' on input line 167.

("C:\Users\Eppy\Documents\GitHub\linphone-android\Documentation\Product Backlog
\ProductBacklog.aux")
Package atveryend Info: Executing hook `AtVeryEndDocument' on input line 167.
Package atveryend Info: Empty hook `AtEndAfterFileList' on input line 167.


LaTeX Warning: There were multiply-defined labels.

Package atveryend Info: Empty hook `AtVeryVeryEnd' on input line 167.
 ) 
Here is how much of TeX's memory you used:
 7595 strings out of 493921
 114036 string characters out of 3147285
 222998 words of memory out of 3000000
 10819 multiletter control sequences out of 15000+200000
 7587 words of font info for 27 fonts, out of 3000000 for 9000
 841 hyphenation exceptions out of 8191
 41i,11n,38p,363b,344s stack positions out of 5000i,500n,10000p,200000b,50000s
<C:/Program Files/MiKTeX 2.9/fonts/type1/public/amsfonts/cm/cmbx12.pfb><C:/Pr
ogram Files/MiKTeX 2.9/fonts/type1/public/amsfonts/cm/cmr10.pfb><C:/Program Fil
es/MiKTeX 2.9/fonts/type1/public/amsfonts/cm/cmr17.pfb>
Output written on ProductBacklog.pdf (5 pages, 230994 bytes).
PDF statistics:
 58 PDF objects out of 1000 (max. 8388607)
 11 named destinations out of 1000 (max. 500000)
 35 words of extra memory for PDF output out of 10000 (max. 10000000)

