This file contains any messages produced by compilers while
running configure, to aid debugging if configure makes a mistake.

It was created by libilbc-rfc3951 configure 0.7, which was
generated by GNU Autoconf 2.69.  Invocation command line was

  $ ./configure 

## --------- ##
## Platform. ##
## --------- ##

hostname = lorraine-300E4A-300E5A-300E7A-3430EA-3530EA
uname -m = x86_64
uname -r = 3.16.0-30-generic
uname -s = Linux
uname -v = #40~14.04.1-Ubuntu SMP Thu Jan 15 17:43:14 UTC 2015

/usr/bin/uname -p = unknown
/bin/uname -X     = unknown

/bin/arch              = unknown
/usr/bin/arch -k       = unknown
/usr/convex/getsysinfo = unknown
/usr/bin/hostinfo      = unknown
/bin/machine           = unknown
/usr/bin/oslevel       = unknown
/bin/universe          = unknown

PATH: /usr/local/sbin
PATH: /usr/local/bin
PATH: /usr/sbin
PATH: /usr/bin
PATH: /sbin
PATH: /bin
PATH: /usr/games
PATH: /usr/local/games
PATH: /home/lorraine/Downloads/android-sdk-linux/tools
PATH: /home/lorraine/Downloads/android-sdk-linux/platform-tools
PATH: /home/lorraine/Downloads/android-ndk-r10e
PATH: /home/lorraine/Downloads/android-sdk-linux/tools
PATH: /home/lorraine/Downloads/android-sdk-linux/platform-tools
PATH: /home/lorraine/Downloads/android-ndk-r10e


## ----------- ##
## Core tests. ##
## ----------- ##

configure:2161: checking for a BSD-compatible install
configure:2229: result: /usr/bin/install -c
configure:2240: checking whether build environment is sane
configure:2295: result: yes
configure:2446: checking for a thread-safe mkdir -p
configure:2485: result: /bin/mkdir -p
configure:2492: checking for gawk
configure:2508: found /usr/bin/gawk
configure:2519: result: gawk
configure:2530: checking whether make sets $(MAKE)
configure:2552: result: yes
configure:2581: checking whether make supports nested variables
configure:2598: result: yes
configure:2687: checking whether UID '1000' is supported by ustar format
configure:2690: result: yes
configure:2697: checking whether GID '1000' is supported by ustar format
configure:2700: result: yes
configure:2708: checking how to create a ustar tar archive
configure:2719: tar --version
tar (GNU tar) 1.27.1
Copyright (C) 2013 Free Software Foundation, Inc.
License GPLv3+: GNU GPL version 3 or later <http://gnu.org/licenses/gpl.html>.
This is free software: you are free to change and redistribute it.
There is NO WARRANTY, to the extent permitted by law.

Written by John Gilmore and Jay Fenlason.
configure:2722: $? = 0
configure:2762: tardir=conftest.dir && eval tar --format=ustar -chf - "$tardir" >conftest.tar
configure:2765: $? = 0
configure:2769: tar -xf - <conftest.tar
configure:2772: $? = 0
configure:2774: cat conftest.dir/file
GrepMe
configure:2777: $? = 0
configure:2790: result: gnutar
configure:2848: checking for gawk
configure:2875: result: gawk
configure:2891: checking for wget
configure:2909: found /usr/bin/wget
configure:2921: result: /usr/bin/wget
configure:2934: checking for md5sum
configure:2952: found /usr/bin/md5sum
configure:2964: result: /usr/bin/md5sum
configure:3051: checking build system type
configure:3065: result: x86_64-unknown-linux-gnu
configure:3085: checking host system type
configure:3098: result: x86_64-unknown-linux-gnu
configure:3139: checking how to print strings
configure:3166: result: printf
configure:3199: checking for style of include used by make
configure:3227: result: GNU
configure:3298: checking for gcc
configure:3314: found /usr/bin/gcc
configure:3325: result: gcc
configure:3554: checking for C compiler version
configure:3563: gcc --version >&5
gcc (Ubuntu 4.8.4-2ubuntu1~14.04) 4.8.4
Copyright (C) 2013 Free Software Foundation, Inc.
This is free software; see the source for copying conditions.  There is NO
warranty; not even for MERCHANTABILITY or FITNESS FOR A PARTICULAR PURPOSE.

configure:3574: $? = 0
configure:3563: gcc -v >&5
Using built-in specs.
COLLECT_GCC=gcc
COLLECT_LTO_WRAPPER=/usr/lib/gcc/x86_64-linux-gnu/4.8/lto-wrapper
Target: x86_64-linux-gnu
Configured with: ../src/configure -v --with-pkgversion='Ubuntu 4.8.4-2ubuntu1~14.04' --with-bugurl=file:///usr/share/doc/gcc-4.8/README.Bugs --enable-languages=c,c++,java,go,d,fortran,objc,obj-c++ --prefix=/usr --program-suffix=-4.8 --enable-shared --enable-linker-build-id --libexecdir=/usr/lib --without-included-gettext --enable-threads=posix --with-gxx-include-dir=/usr/include/c++/4.8 --libdir=/usr/lib --enable-nls --with-sysroot=/ --enable-clocale=gnu --enable-libstdcxx-debug --enable-libstdcxx-time=yes --enable-gnu-unique-object --disable-libmudflap --enable-plugin --with-system-zlib --disable-browser-plugin --enable-java-awt=gtk --enable-gtk-cairo --with-java-home=/usr/lib/jvm/java-1.5.0-gcj-4.8-amd64/jre --enable-java-home --with-jvm-root-dir=/usr/lib/jvm/java-1.5.0-gcj-4.8-amd64 --with-jvm-jar-dir=/usr/lib/jvm-exports/java-1.5.0-gcj-4.8-amd64 --with-arch-directory=amd64 --with-ecj-jar=/usr/share/java/eclipse-ecj.jar --enable-objc-gc --enable-multiarch --disable-werror --with-arch-32=i686 --with-abi=m64 --with-multilib-list=m32,m64,mx32 --with-tune=generic --enable-checking=release --build=x86_64-linux-gnu --host=x86_64-linux-gnu --target=x86_64-linux-gnu
Thread model: posix
gcc version 4.8.4 (Ubuntu 4.8.4-2ubuntu1~14.04) 
configure:3574: $? = 0
configure:3563: gcc -V >&5
gcc: error: unrecognized command line option '-V'
gcc: fatal error: no input files
compilation terminated.
configure:3574: $? = 4
configure:3563: gcc -qversion >&5
gcc: error: unrecognized command line option '-qversion'
gcc: fatal error: no input files
compilation terminated.
configure:3574: $? = 4
configure:3594: checking whether the C compiler works
configure:3616: gcc    conftest.c  >&5
configure:3620: $? = 0
configure:3668: result: yes
configure:3671: checking for C compiler default output file name
configure:3673: result: a.out
configure:3679: checking for suffix of executables
configure:3686: gcc -o conftest    conftest.c  >&5
configure:3690: $? = 0
configure:3712: result: 
configure:3734: checking whether we are cross compiling
configure:3742: gcc -o conftest    conftest.c  >&5
configure:3746: $? = 0
configure:3753: ./conftest
configure:3757: $? = 0
configure:3772: result: no
configure:3777: checking for suffix of object files
configure:3799: gcc -c   conftest.c >&5
configure:3803: $? = 0
configure:3824: result: o
configure:3828: checking whether we are using the GNU C compiler
configure:3847: gcc -c   conftest.c >&5
configure:3847: $? = 0
configure:3856: result: yes
configure:3865: checking whether gcc accepts -g
configure:3885: gcc -c -g  conftest.c >&5
configure:3885: $? = 0
configure:3926: result: yes
configure:3943: checking for gcc option to accept ISO C89
configure:4006: gcc  -c -g -O2  conftest.c >&5
configure:4006: $? = 0
configure:4019: result: none needed
configure:4044: checking whether gcc understands -c and -o together
configure:4066: gcc -c conftest.c -o conftest2.o
configure:4069: $? = 0
configure:4066: gcc -c conftest.c -o conftest2.o
configure:4069: $? = 0
configure:4081: result: yes
configure:4100: checking dependency style of gcc
configure:4211: result: gcc3
configure:4226: checking for a sed that does not truncate output
configure:4290: result: /bin/sed
configure:4308: checking for grep that handles long lines and -e
configure:4366: result: /bin/grep
configure:4371: checking for egrep
configure:4433: result: /bin/grep -E
configure:4438: checking for fgrep
configure:4500: result: /bin/grep -F
configure:4535: checking for ld used by gcc
configure:4602: result: /usr/bin/ld
configure:4609: checking if the linker (/usr/bin/ld) is GNU ld
configure:4624: result: yes
configure:4636: checking for BSD- or MS-compatible name lister (nm)
configure:4685: result: /usr/bin/nm -B
configure:4815: checking the name lister (/usr/bin/nm -B) interface
configure:4822: gcc -c -g -O2  conftest.c >&5
configure:4825: /usr/bin/nm -B "conftest.o"
configure:4828: output
0000000000000000 B some_variable
configure:4835: result: BSD nm
configure:4838: checking whether ln -s works
configure:4842: result: yes
configure:4850: checking the maximum length of command line arguments
configure:4981: result: 1572864
configure:4998: checking whether the shell understands some XSI constructs
configure:5008: result: yes
configure:5012: checking whether the shell understands "+="
configure:5018: result: yes
configure:5053: checking how to convert x86_64-unknown-linux-gnu file names to x86_64-unknown-linux-gnu format
configure:5093: result: func_convert_file_noop
configure:5100: checking how to convert x86_64-unknown-linux-gnu file names to toolchain format
configure:5120: result: func_convert_file_noop
configure:5127: checking for /usr/bin/ld option to reload object files
configure:5134: result: -r
configure:5208: checking for objdump
configure:5224: found /usr/bin/objdump
configure:5235: result: objdump
configure:5267: checking how to recognize dependent libraries
configure:5465: result: pass_all
configure:5550: checking for dlltool
configure:5580: result: no
configure:5610: checking how to associate runtime and link libraries
configure:5637: result: printf %s\n
configure:5698: checking for ar
configure:5714: found /usr/bin/ar
configure:5725: result: ar
configure:5762: checking for archiver @FILE support
configure:5779: gcc -c -g -O2  conftest.c >&5
configure:5779: $? = 0
configure:5782: ar cru libconftest.a @conftest.lst >&5
configure:5785: $? = 0
configure:5790: ar cru libconftest.a @conftest.lst >&5
ar: conftest.o: No such file or directory
configure:5793: $? = 1
configure:5805: result: @
configure:5863: checking for strip
configure:5879: found /usr/bin/strip
configure:5890: result: strip
configure:5962: checking for ranlib
configure:5978: found /usr/bin/ranlib
configure:5989: result: ranlib
configure:6091: checking command to parse /usr/bin/nm -B output from gcc object
configure:6211: gcc -c -g -O2  conftest.c >&5
configure:6214: $? = 0
configure:6218: /usr/bin/nm -B conftest.o \| sed -n -e 's/^.*[ ]\([ABCDGIRSTW][ABCDGIRSTW]*\)[ ][ ]*\([_A-Za-z][_A-Za-z0-9]*\)$/\1 \2 \2/p' | sed '/ __gnu_lto/d' \> conftest.nm
configure:6221: $? = 0
configure:6287: gcc -o conftest -g -O2   conftest.c conftstm.o >&5
configure:6290: $? = 0
configure:6328: result: ok
configure:6365: checking for sysroot
configure:6395: result: no
configure:6472: gcc -c -g -O2  conftest.c >&5
configure:6475: $? = 0
configure:6664: checking for mt
configure:6680: found /bin/mt
configure:6691: result: mt
configure:6714: checking if mt is a manifest tool
configure:6720: mt '-?'
configure:6728: result: no
configure:7370: checking how to run the C preprocessor
configure:7401: gcc -E  conftest.c
configure:7401: $? = 0
configure:7415: gcc -E  conftest.c
conftest.c:11:28: fatal error: ac_nonexistent.h: No such file or directory
 #include <ac_nonexistent.h>
                            ^
compilation terminated.
configure:7415: $? = 1
configure: failed program was:
| /* confdefs.h */
| #define PACKAGE_NAME "libilbc-rfc3951"
| #define PACKAGE_TARNAME "libilbc-rfc3951"
| #define PACKAGE_VERSION "0.7"
| #define PACKAGE_STRING "libilbc-rfc3951 0.7"
| #define PACKAGE_BUGREPORT ""
| #define PACKAGE_URL ""
| #define PACKAGE "libilbc-rfc3951"
| #define VERSION "0.7"
| /* end confdefs.h.  */
| #include <ac_nonexistent.h>
configure:7440: result: gcc -E
configure:7460: gcc -E  conftest.c
configure:7460: $? = 0
configure:7474: gcc -E  conftest.c
conftest.c:11:28: fatal error: ac_nonexistent.h: No such file or directory
 #include <ac_nonexistent.h>
                            ^
compilation terminated.
configure:7474: $? = 1
configure: failed program was:
| /* confdefs.h */
| #define PACKAGE_NAME "libilbc-rfc3951"
| #define PACKAGE_TARNAME "libilbc-rfc3951"
| #define PACKAGE_VERSION "0.7"
| #define PACKAGE_STRING "libilbc-rfc3951 0.7"
| #define PACKAGE_BUGREPORT ""
| #define PACKAGE_URL ""
| #define PACKAGE "libilbc-rfc3951"
| #define VERSION "0.7"
| /* end confdefs.h.  */
| #include <ac_nonexistent.h>
configure:7503: checking for ANSI C header files
configure:7523: gcc -c -g -O2  conftest.c >&5
configure:7523: $? = 0
configure:7596: gcc -o conftest -g -O2   conftest.c  >&5
configure:7596: $? = 0
configure:7596: ./conftest
configure:7596: $? = 0
configure:7607: result: yes
configure:7620: checking for sys/types.h
configure:7620: gcc -c -g -O2  conftest.c >&5
configure:7620: $? = 0
configure:7620: result: yes
configure:7620: checking for sys/stat.h
configure:7620: gcc -c -g -O2  conftest.c >&5
configure:7620: $? = 0
configure:7620: result: yes
configure:7620: checking for stdlib.h
configure:7620: gcc -c -g -O2  conftest.c >&5
configure:7620: $? = 0
configure:7620: result: yes
configure:7620: checking for string.h
configure:7620: gcc -c -g -O2  conftest.c >&5
configure:7620: $? = 0
configure:7620: result: yes
configure:7620: checking for memory.h
configure:7620: gcc -c -g -O2  conftest.c >&5
configure:7620: $? = 0
configure:7620: result: yes
configure:7620: checking for strings.h
configure:7620: gcc -c -g -O2  conftest.c >&5
configure:7620: $? = 0
configure:7620: result: yes
configure:7620: checking for inttypes.h
configure:7620: gcc -c -g -O2  conftest.c >&5
configure:7620: $? = 0
configure:7620: result: yes
configure:7620: checking for stdint.h
configure:7620: gcc -c -g -O2  conftest.c >&5
configure:7620: $? = 0
configure:7620: result: yes
configure:7620: checking for unistd.h
configure:7620: gcc -c -g -O2  conftest.c >&5
configure:7620: $? = 0
configure:7620: result: yes
configure:7634: checking for dlfcn.h
configure:7634: gcc -c -g -O2  conftest.c >&5
configure:7634: $? = 0
configure:7634: result: yes
configure:7839: checking for objdir
configure:7854: result: .libs
configure:8125: checking if gcc supports -fno-rtti -fno-exceptions
configure:8143: gcc -c -g -O2  -fno-rtti -fno-exceptions conftest.c >&5
cc1: warning: command line option '-fno-rtti' is valid for C++/ObjC++ but not for C [enabled by default]
configure:8147: $? = 0
configure:8160: result: no
configure:8487: checking for gcc option to produce PIC
configure:8494: result: -fPIC -DPIC
configure:8502: checking if gcc PIC flag -fPIC -DPIC works
configure:8520: gcc -c -g -O2  -fPIC -DPIC -DPIC conftest.c >&5
configure:8524: $? = 0
configure:8537: result: yes
configure:8566: checking if gcc static flag -static works
configure:8594: result: yes
configure:8609: checking if gcc supports -c -o file.o
configure:8630: gcc -c -g -O2  -o out/conftest2.o conftest.c >&5
configure:8634: $? = 0
configure:8656: result: yes
configure:8664: checking if gcc supports -c -o file.o
configure:8711: result: yes
configure:8744: checking whether the gcc linker (/usr/bin/ld -m elf_x86_64) supports shared libraries
configure:9901: result: yes
configure:9938: checking whether -lc should be explicitly linked in
configure:9946: gcc -c -g -O2  conftest.c >&5
configure:9949: $? = 0
configure:9964: gcc -shared  -fPIC -DPIC conftest.o  -v -Wl,-soname -Wl,conftest -o conftest 2\>\&1 \| /bin/grep  -lc  \>/dev/null 2\>\&1
configure:9967: $? = 0
configure:9981: result: no
configure:10141: checking dynamic linker characteristics
configure:10641: gcc -o conftest -g -O2   -Wl,-rpath -Wl,/foo conftest.c  >&5
configure:10641: $? = 0
configure:10875: result: GNU/Linux ld.so
configure:10982: checking how to hardcode library paths into programs
configure:11007: result: immediate
configure:11547: checking whether stripping libraries is possible
configure:11552: result: yes
configure:11587: checking if libtool supports shared libraries
configure:11589: result: yes
configure:11592: checking whether to build shared libraries
configure:11613: result: yes
configure:11616: checking whether to build static libraries
configure:11620: result: no
configure:11659: checking for cosf in -lm
configure:11684: gcc -o conftest -g -O2   conftest.c -lm   >&5
conftest.c:30:6: warning: conflicting types for built-in function 'cosf' [enabled by default]
 char cosf ();
      ^
configure:11684: $? = 0
configure:11693: result: yes
configure:11826: checking that generated files are newer than configure
configure:11832: result: done
configure:11855: creating ./config.status

## ---------------------- ##
## Running config.status. ##
## ---------------------- ##

This file was extended by libilbc-rfc3951 config.status 0.7, which was
generated by GNU Autoconf 2.69.  Invocation command line was

  CONFIG_FILES    = 
  CONFIG_HEADERS  = 
  CONFIG_LINKS    = 
  CONFIG_COMMANDS = 
  $ ./config.status 

on lorraine-300E4A-300E5A-300E7A-3430EA-3530EA

config.status:1089: creating Makefile
config.status:1089: creating downloads/Makefile
config.status:1089: creating src/Makefile
config.status:1089: creating pkgconfig/Makefile
config.status:1089: creating pkgconfig/ilbc.pc
config.status:1089: creating man/Makefile
config.status:1089: creating libilbc-rfc3951.spec
config.status:1089: creating config.h
config.status:1318: executing depfiles commands
config.status:1318: executing libtool commands

## ---------------- ##
## Cache variables. ##
## ---------------- ##

ac_cv_build=x86_64-unknown-linux-gnu
ac_cv_c_compiler_gnu=yes
ac_cv_env_CC_set=
ac_cv_env_CC_value=
ac_cv_env_CFLAGS_set=
ac_cv_env_CFLAGS_value=
ac_cv_env_CPPFLAGS_set=
ac_cv_env_CPPFLAGS_value=
ac_cv_env_CPP_set=
ac_cv_env_CPP_value=
ac_cv_env_LDFLAGS_set=
ac_cv_env_LDFLAGS_value=
ac_cv_env_LIBS_set=
ac_cv_env_LIBS_value=
ac_cv_env_build_alias_set=
ac_cv_env_build_alias_value=
ac_cv_env_host_alias_set=
ac_cv_env_host_alias_value=
ac_cv_env_target_alias_set=
ac_cv_env_target_alias_value=
ac_cv_header_dlfcn_h=yes
ac_cv_header_inttypes_h=yes
ac_cv_header_memory_h=yes
ac_cv_header_stdc=yes
ac_cv_header_stdint_h=yes
ac_cv_header_stdlib_h=yes
ac_cv_header_string_h=yes
ac_cv_header_strings_h=yes
ac_cv_header_sys_stat_h=yes
ac_cv_header_sys_types_h=yes
ac_cv_header_unistd_h=yes
ac_cv_host=x86_64-unknown-linux-gnu
ac_cv_lib_m_cosf=yes
ac_cv_objext=o
ac_cv_path_EGREP='/bin/grep -E'
ac_cv_path_FGREP='/bin/grep -F'
ac_cv_path_GREP=/bin/grep
ac_cv_path_MD5SUM=/usr/bin/md5sum
ac_cv_path_SED=/bin/sed
ac_cv_path_WGET=/usr/bin/wget
ac_cv_path_install='/usr/bin/install -c'
ac_cv_path_mkdir=/bin/mkdir
ac_cv_prog_AWK=gawk
ac_cv_prog_CPP='gcc -E'
ac_cv_prog_ac_ct_AR=ar
ac_cv_prog_ac_ct_CC=gcc
ac_cv_prog_ac_ct_MANIFEST_TOOL=mt
ac_cv_prog_ac_ct_OBJDUMP=objdump
ac_cv_prog_ac_ct_RANLIB=ranlib
ac_cv_prog_ac_ct_STRIP=strip
ac_cv_prog_cc_c89=
ac_cv_prog_cc_g=yes
ac_cv_prog_make_make_set=yes
am_cv_CC_dependencies_compiler_type=gcc3
am_cv_make_support_nested_variables=yes
am_cv_prog_cc_c_o=yes
am_cv_prog_tar_ustar=gnutar
lt_cv_ar_at_file=@
lt_cv_archive_cmds_need_lc=no
lt_cv_deplibs_check_method=pass_all
lt_cv_file_magic_cmd='$MAGIC_CMD'
lt_cv_file_magic_test_file=
lt_cv_ld_reload_flag=-r
lt_cv_nm_interface='BSD nm'
lt_cv_objdir=.libs
lt_cv_path_LD=/usr/bin/ld
lt_cv_path_NM='/usr/bin/nm -B'
lt_cv_path_mainfest_tool=no
lt_cv_prog_compiler_c_o=yes
lt_cv_prog_compiler_pic='-fPIC -DPIC'
lt_cv_prog_compiler_pic_works=yes
lt_cv_prog_compiler_rtti_exceptions=no
lt_cv_prog_compiler_static_works=yes
lt_cv_prog_gnu_ld=yes
lt_cv_sharedlib_from_linklib_cmd='printf %s\n'
lt_cv_shlibpath_overrides_runpath=no
lt_cv_sys_global_symbol_pipe='sed -n -e '\''s/^.*[	 ]\([ABCDGIRSTW][ABCDGIRSTW]*\)[	 ][	 ]*\([_A-Za-z][_A-Za-z0-9]*\)$/\1 \2 \2/p'\'' | sed '\''/ __gnu_lto/d'\'''
lt_cv_sys_global_symbol_to_c_name_address='sed -n -e '\''s/^: \([^ ]*\)[ ]*$/  {\"\1\", (void *) 0},/p'\'' -e '\''s/^[ABCDGIRSTW]* \([^ ]*\) \([^ ]*\)$/  {"\2", (void *) \&\2},/p'\'''
lt_cv_sys_global_symbol_to_c_name_address_lib_prefix='sed -n -e '\''s/^: \([^ ]*\)[ ]*$/  {\"\1\", (void *) 0},/p'\'' -e '\''s/^[ABCDGIRSTW]* \([^ ]*\) \(lib[^ ]*\)$/  {"\2", (void *) \&\2},/p'\'' -e '\''s/^[ABCDGIRSTW]* \([^ ]*\) \([^ ]*\)$/  {"lib\2", (void *) \&\2},/p'\'''
lt_cv_sys_global_symbol_to_cdecl='sed -n -e '\''s/^T .* \(.*\)$/extern int \1();/p'\'' -e '\''s/^[ABCDGIRSTW]* .* \(.*\)$/extern char \1;/p'\'''
lt_cv_sys_max_cmd_len=1572864
lt_cv_to_host_file_cmd=func_convert_file_noop
lt_cv_to_tool_file_cmd=func_convert_file_noop

## ----------------- ##
## Output variables. ##
## ----------------- ##

ACLOCAL='${SHELL} /home/lorraine/Desktop/Linphone/linphone-android/submodules/libilbc-rfc3951/missing aclocal-1.14'
AMDEPBACKSLASH='\'
AMDEP_FALSE='#'
AMDEP_TRUE=''
AMTAR='$${TAR-tar}'
AM_BACKSLASH='\'
AM_DEFAULT_V='$(AM_DEFAULT_VERBOSITY)'
AM_DEFAULT_VERBOSITY='1'
AM_V='$(V)'
AR='ar'
AUTOCONF='${SHELL} /home/lorraine/Desktop/Linphone/linphone-android/submodules/libilbc-rfc3951/missing autoconf'
AUTOHEADER='${SHELL} /home/lorraine/Desktop/Linphone/linphone-android/submodules/libilbc-rfc3951/missing autoheader'
AUTOMAKE='${SHELL} /home/lorraine/Desktop/Linphone/linphone-android/submodules/libilbc-rfc3951/missing automake-1.14'
AWK='gawk'
CC='gcc'
CCDEPMODE='depmode=gcc3'
CFLAGS='-g -O2'
CPP='gcc -E'
CPPFLAGS=''
CYGPATH_W='echo'
DEFS='-DHAVE_CONFIG_H'
DEPDIR='.deps'
DLLTOOL='false'
DSYMUTIL=''
DUMPBIN=''
ECHO_C=''
ECHO_N='-n'
ECHO_T=''
EGREP='/bin/grep -E'
EXEEXT=''
FGREP='/bin/grep -F'
GREP='/bin/grep'
INSTALL_DATA='${INSTALL} -m 644'
INSTALL_PROGRAM='${INSTALL}'
INSTALL_SCRIPT='${INSTALL}'
INSTALL_STRIP_PROGRAM='$(install_sh) -c -s'
LD='/usr/bin/ld -m elf_x86_64'
LDFLAGS=''
LIBOBJS=''
LIBS='-lm '
LIBTOOL='$(SHELL) $(top_builddir)/libtool'
LIPO=''
LN_S='ln -s'
LTLIBOBJS=''
MAKEINFO='${SHELL} /home/lorraine/Desktop/Linphone/linphone-android/submodules/libilbc-rfc3951/missing makeinfo'
MANIFEST_TOOL=':'
MD5SUM='/usr/bin/md5sum'
MKDIR_P='/bin/mkdir -p'
NM='/usr/bin/nm -B'
NMEDIT=''
OBJDUMP='objdump'
OBJEXT='o'
OTOOL64=''
OTOOL=''
PACKAGE='libilbc-rfc3951'
PACKAGE_BUGREPORT=''
PACKAGE_NAME='libilbc-rfc3951'
PACKAGE_STRING='libilbc-rfc3951 0.7'
PACKAGE_TARNAME='libilbc-rfc3951'
PACKAGE_URL=''
PACKAGE_VERSION='0.7'
PATH_SEPARATOR=':'
RANLIB='ranlib'
SED='/bin/sed'
SET_MAKE=''
SHELL='/bin/bash'
STRIP='strip'
VERSION='0.7'
WGET='/usr/bin/wget'
ac_ct_AR='ar'
ac_ct_CC='gcc'
ac_ct_DUMPBIN=''
am__EXEEXT_FALSE=''
am__EXEEXT_TRUE='#'
am__fastdepCC_FALSE='#'
am__fastdepCC_TRUE=''
am__include='include'
am__isrc=''
am__leading_dot='.'
am__nodep='_no'
am__quote=''
am__tar='tar --format=ustar -chf - "$$tardir"'
am__untar='tar -xf -'
bindir='${exec_prefix}/bin'
build='x86_64-unknown-linux-gnu'
build_alias=''
build_cpu='x86_64'
build_os='linux-gnu'
build_vendor='unknown'
datadir='${datarootdir}'
datarootdir='${prefix}/share'
docdir='${datarootdir}/doc/${PACKAGE_TARNAME}'
dvidir='${docdir}'
exec_prefix='${prefix}'
host='x86_64-unknown-linux-gnu'
host_alias=''
host_cpu='x86_64'
host_os='linux-gnu'
host_vendor='unknown'
htmldir='${docdir}'
includedir='${prefix}/include'
infodir='${datarootdir}/info'
install_sh='${SHELL} /home/lorraine/Desktop/Linphone/linphone-android/submodules/libilbc-rfc3951/install-sh'
libdir='${exec_prefix}/lib'
libexecdir='${exec_prefix}/libexec'
localedir='${datarootdir}/locale'
localstatedir='${prefix}/var'
mandir='${datarootdir}/man'
mkdir_p='$(MKDIR_P)'
oldincludedir='/usr/include'
pdfdir='${docdir}'
prefix='/usr/local'
program_transform_name='s,x,x,'
psdir='${docdir}'
sbindir='${exec_prefix}/sbin'
sharedstatedir='${prefix}/com'
sysconfdir='${prefix}/etc'
target_alias=''

## ----------- ##
## confdefs.h. ##
## ----------- ##

/* confdefs.h */
#define PACKAGE_NAME "libilbc-rfc3951"
#define PACKAGE_TARNAME "libilbc-rfc3951"
#define PACKAGE_VERSION "0.7"
#define PACKAGE_STRING "libilbc-rfc3951 0.7"
#define PACKAGE_BUGREPORT ""
#define PACKAGE_URL ""
#define PACKAGE "libilbc-rfc3951"
#define VERSION "0.7"
#define STDC_HEADERS 1
#define HAVE_SYS_TYPES_H 1
#define HAVE_SYS_STAT_H 1
#define HAVE_STDLIB_H 1
#define HAVE_STRING_H 1
#define HAVE_MEMORY_H 1
#define HAVE_STRINGS_H 1
#define HAVE_INTTYPES_H 1
#define HAVE_STDINT_H 1
#define HAVE_UNISTD_H 1
#define HAVE_DLFCN_H 1
#define LT_OBJDIR ".libs/"
#define HAVE_LIBM 1

configure: exit 0
